0 info it worked if it ends with ok
1 verbose cli [ 'C:\\Program Files\\nodejs\\node.exe',
1 verbose cli   'C:\\Program Files\\nodejs\\node_modules\\npm\\bin\\npm-cli.js',
1 verbose cli   'run',
1 verbose cli   'build' ]
2 info using npm@3.10.10
3 info using node@v6.11.3
4 verbose run-script [ 'prebuild', 'build', 'postbuild' ]
5 info lifecycle bulma@0.2.3~prebuild: bulma@0.2.3
6 silly lifecycle bulma@0.2.3~prebuild: no script for prebuild, continuing
7 info lifecycle bulma@0.2.3~build: bulma@0.2.3
8 verbose lifecycle bulma@0.2.3~build: unsafe-perm in lifecycle true
9 verbose lifecycle bulma@0.2.3~build: PATH: C:\Program Files\nodejs\node_modules\npm\bin\node-gyp-bin;C:\MAMP\htdocs\wordpress\wp-content\themes\bulmapress-master\frontend\bulma\node_modules\.bin;C:\Program Files\cmder\bin;C:\Program Files\cmder\vendor\git-for-windows\cmd;C:\Program Files\cmder\vendor\conemu-maximus5\ConEmu\Scripts;C:\Program Files\cmder\vendor\conemu-maximus5;C:\Program Files\cmder\vendor\conemu-maximus5\ConEmu;C:\tools\ruby24\bin;C:\ProgramData\Oracle\Java\javapath;C:\Windows\system32;C:\Windows;C:\Windows\System32\Wbem;C:\Windows\System32\WindowsPowerShell\v1.0\;C:\ProgramData\chocolatey\bin;C:\Program Files\nodejs\;C:\Users\C:\Users\Matthew.Lean\AppData\Local\atom\bin;C:\Users\Matthew.Lean\AppData\Roaming\npm;C:\Program Files\cmder\vendor\git-for-windows\usr\bin;C:\Program Files\cmder\vendor\git-for-windows\usr\share\vim\vim74;C:\Program Files\cmder\
10 verbose lifecycle bulma@0.2.3~build: CWD: C:\MAMP\htdocs\wordpress\wp-content\themes\bulmapress-master\frontend\bulma
11 silly lifecycle bulma@0.2.3~build: Args: [ '/d /s /c',
11 silly lifecycle   'npm run build-clean && npm run build-sass && npm run build-autoprefix' ]
12 silly lifecycle bulma@0.2.3~build: Returned: code: 1  signal: null
13 info lifecycle bulma@0.2.3~build: Failed to exec build script
14 verbose stack Error: bulma@0.2.3 build: `npm run build-clean && npm run build-sass && npm run build-autoprefix`
14 verbose stack Exit status 1
14 verbose stack     at EventEmitter.<anonymous> (C:\Program Files\nodejs\node_modules\npm\lib\utils\lifecycle.js:255:16)
14 verbose stack     at emitTwo (events.js:106:13)
14 verbose stack     at EventEmitter.emit (events.js:191:7)
14 verbose stack     at ChildProcess.<anonymous> (C:\Program Files\nodejs\node_modules\npm\lib\utils\spawn.js:40:14)
14 verbose stack     at emitTwo (events.js:106:13)
14 verbose stack     at ChildProcess.emit (events.js:191:7)
14 verbose stack     at maybeClose (internal/child_process.js:920:16)
14 verbose stack     at Process.ChildProcess._handle.onexit (internal/child_process.js:230:5)
15 verbose pkgid bulma@0.2.3
16 verbose cwd C:\MAMP\htdocs\wordpress\wp-content\themes\bulmapress-master\frontend\bulma
17 error Windows_NT 6.1.7601
18 error argv "C:\\Program Files\\nodejs\\node.exe" "C:\\Program Files\\nodejs\\node_modules\\npm\\bin\\npm-cli.js" "run" "build"
19 error node v6.11.3
20 error npm  v3.10.10
21 error code ELIFECYCLE
22 error bulma@0.2.3 build: `npm run build-clean && npm run build-sass && npm run build-autoprefix`
22 error Exit status 1
23 error Failed at the bulma@0.2.3 build script 'npm run build-clean && npm run build-sass && npm run build-autoprefix'.
23 error Make sure you have the latest version of node.js and npm installed.
23 error If you do, this is most likely a problem with the bulma package,
23 error not with npm itself.
23 error Tell the author that this fails on your system:
23 error     npm run build-clean && npm run build-sass && npm run build-autoprefix
23 error You can get information on how to open an issue for this project with:
23 error     npm bugs bulma
23 error Or if that isn't available, you can get their info via:
23 error     npm owner ls bulma
23 error There is likely additional logging output above.
24 verbose exit [ 1, true ]
